INFO:WebSocket:ðŸš€ Starting ShadowCore WebSocket Server on :8083
INFO:websockets.server:server listening on 0.0.0.0:8083
INFO:WebSocket:âœ… WebSocket server ready at ws://localhost:8083/{path}
ERROR:websockets.server:opening handshake failed
Traceback (most recent call last):
  File "/usr/local/lib/python3.10/dist-packages/websockets/http11.py", line 138, in parse
    request_line = yield from parse_line(read_line)
  File "/usr/local/lib/python3.10/dist-packages/websockets/http11.py", line 309, in parse_line
    line = yield from read_line(MAX_LINE_LENGTH)
  File "/usr/local/lib/python3.10/dist-packages/websockets/streams.py", line 46, in read_line
    raise EOFError(f"stream ends after {p} bytes, before end of line")
EOFError: stream ends after 0 bytes, before end of line

The above exception was the direct cause of the following exception:

Traceback (most recent call last):
  File "/usr/local/lib/python3.10/dist-packages/websockets/server.py", line 545, in parse
    request = yield from Request.parse(
  File "/usr/local/lib/python3.10/dist-packages/websockets/http11.py", line 140, in parse
    raise EOFError("connection closed while reading HTTP request line") from exc
EOFError: connection closed while reading HTTP request line

The above exception was the direct cause of the following exception:

Traceback (most recent call last):
  File "/usr/local/lib/python3.10/dist-packages/websockets/asyncio/server.py", line 356, in conn_handler
    await connection.handshake(
  File "/usr/local/lib/python3.10/dist-packages/websockets/asyncio/server.py", line 207, in handshake
    raise self.protocol.handshake_exc
websockets.exceptions.InvalidMessage: did not receive a valid HTTP request
ERROR:websockets.server:opening handshake failed
Traceback (most recent call last):
  File "/usr/local/lib/python3.10/dist-packages/websockets/http11.py", line 138, in parse
    request_line = yield from parse_line(read_line)
  File "/usr/local/lib/python3.10/dist-packages/websockets/http11.py", line 314, in parse_line
    raise EOFError("line without CRLF")
EOFError: line without CRLF

The above exception was the direct cause of the following exception:

Traceback (most recent call last):
  File "/usr/local/lib/python3.10/dist-packages/websockets/server.py", line 545, in parse
    request = yield from Request.parse(
  File "/usr/local/lib/python3.10/dist-packages/websockets/http11.py", line 140, in parse
    raise EOFError("connection closed while reading HTTP request line") from exc
EOFError: connection closed while reading HTTP request line

The above exception was the direct cause of the following exception:

Traceback (most recent call last):
  File "/usr/local/lib/python3.10/dist-packages/websockets/asyncio/server.py", line 356, in conn_handler
    await connection.handshake(
  File "/usr/local/lib/python3.10/dist-packages/websockets/asyncio/server.py", line 207, in handshake
    raise self.protocol.handshake_exc
websockets.exceptions.InvalidMessage: did not receive a valid HTTP request
ERROR:websockets.server:opening handshake failed
Traceback (most recent call last):
  File "/usr/local/lib/python3.10/dist-packages/websockets/http11.py", line 138, in parse
    request_line = yield from parse_line(read_line)
  File "/usr/local/lib/python3.10/dist-packages/websockets/http11.py", line 314, in parse_line
    raise EOFError("line without CRLF")
EOFError: line without CRLF

The above exception was the direct cause of the following exception:

Traceback (most recent call last):
  File "/usr/local/lib/python3.10/dist-packages/websockets/server.py", line 545, in parse
    request = yield from Request.parse(
  File "/usr/local/lib/python3.10/dist-packages/websockets/http11.py", line 140, in parse
    raise EOFError("connection closed while reading HTTP request line") from exc
EOFError: connection closed while reading HTTP request line

The above exception was the direct cause of the following exception:

Traceback (most recent call last):
  File "/usr/local/lib/python3.10/dist-packages/websockets/asyncio/server.py", line 356, in conn_handler
    await connection.handshake(
  File "/usr/local/lib/python3.10/dist-packages/websockets/asyncio/server.py", line 207, in handshake
    raise self.protocol.handshake_exc
websockets.exceptions.InvalidMessage: did not receive a valid HTTP request
ERROR:websockets.server:opening handshake failed
Traceback (most recent call last):
  File "/usr/local/lib/python3.10/dist-packages/websockets/http11.py", line 138, in parse
    request_line = yield from parse_line(read_line)
  File "/usr/local/lib/python3.10/dist-packages/websockets/http11.py", line 314, in parse_line
    raise EOFError("line without CRLF")
EOFError: line without CRLF

The above exception was the direct cause of the following exception:

Traceback (most recent call last):
  File "/usr/local/lib/python3.10/dist-packages/websockets/server.py", line 545, in parse
    request = yield from Request.parse(
  File "/usr/local/lib/python3.10/dist-packages/websockets/http11.py", line 140, in parse
    raise EOFError("connection closed while reading HTTP request line") from exc
EOFError: connection closed while reading HTTP request line

The above exception was the direct cause of the following exception:

Traceback (most recent call last):
  File "/usr/local/lib/python3.10/dist-packages/websockets/asyncio/server.py", line 356, in conn_handler
    await connection.handshake(
  File "/usr/local/lib/python3.10/dist-packages/websockets/asyncio/server.py", line 207, in handshake
    raise self.protocol.handshake_exc
websockets.exceptions.InvalidMessage: did not receive a valid HTTP request
ERROR:websockets.server:opening handshake failed
Traceback (most recent call last):
  File "/usr/local/lib/python3.10/dist-packages/websockets/http11.py", line 138, in parse
    request_line = yield from parse_line(read_line)
  File "/usr/local/lib/python3.10/dist-packages/websockets/http11.py", line 314, in parse_line
    raise EOFError("line without CRLF")
EOFError: line without CRLF

The above exception was the direct cause of the following exception:

Traceback (most recent call last):
  File "/usr/local/lib/python3.10/dist-packages/websockets/server.py", line 545, in parse
    request = yield from Request.parse(
  File "/usr/local/lib/python3.10/dist-packages/websockets/http11.py", line 140, in parse
    raise EOFError("connection closed while reading HTTP request line") from exc
EOFError: connection closed while reading HTTP request line

The above exception was the direct cause of the following exception:

Traceback (most recent call last):
  File "/usr/local/lib/python3.10/dist-packages/websockets/asyncio/server.py", line 356, in conn_handler
    await connection.handshake(
  File "/usr/local/lib/python3.10/dist-packages/websockets/asyncio/server.py", line 207, in handshake
    raise self.protocol.handshake_exc
websockets.exceptions.InvalidMessage: did not receive a valid HTTP request
ERROR:websockets.server:opening handshake failed
Traceback (most recent call last):
  File "/usr/local/lib/python3.10/dist-packages/websockets/http11.py", line 138, in parse
    request_line = yield from parse_line(read_line)
  File "/usr/local/lib/python3.10/dist-packages/websockets/http11.py", line 314, in parse_line
    raise EOFError("line without CRLF")
EOFError: line without CRLF

The above exception was the direct cause of the following exception:

Traceback (most recent call last):
  File "/usr/local/lib/python3.10/dist-packages/websockets/server.py", line 545, in parse
    request = yield from Request.parse(
  File "/usr/local/lib/python3.10/dist-packages/websockets/http11.py", line 140, in parse
    raise EOFError("connection closed while reading HTTP request line") from exc
EOFError: connection closed while reading HTTP request line

The above exception was the direct cause of the following exception:

Traceback (most recent call last):
  File "/usr/local/lib/python3.10/dist-packages/websockets/asyncio/server.py", line 356, in conn_handler
    await connection.handshake(
  File "/usr/local/lib/python3.10/dist-packages/websockets/asyncio/server.py", line 207, in handshake
    raise self.protocol.handshake_exc
websockets.exceptions.InvalidMessage: did not receive a valid HTTP request
ERROR:websockets.server:opening handshake failed
Traceback (most recent call last):
  File "/usr/local/lib/python3.10/dist-packages/websockets/http11.py", line 138, in parse
    request_line = yield from parse_line(read_line)
  File "/usr/local/lib/python3.10/dist-packages/websockets/http11.py", line 314, in parse_line
    raise EOFError("line without CRLF")
EOFError: line without CRLF

The above exception was the direct cause of the following exception:

Traceback (most recent call last):
  File "/usr/local/lib/python3.10/dist-packages/websockets/server.py", line 545, in parse
    request = yield from Request.parse(
  File "/usr/local/lib/python3.10/dist-packages/websockets/http11.py", line 140, in parse
    raise EOFError("connection closed while reading HTTP request line") from exc
EOFError: connection closed while reading HTTP request line

The above exception was the direct cause of the following exception:

Traceback (most recent call last):
  File "/usr/local/lib/python3.10/dist-packages/websockets/asyncio/server.py", line 356, in conn_handler
    await connection.handshake(
  File "/usr/local/lib/python3.10/dist-packages/websockets/asyncio/server.py", line 207, in handshake
    raise self.protocol.handshake_exc
websockets.exceptions.InvalidMessage: did not receive a valid HTTP request
ERROR:websockets.server:opening handshake failed
Traceback (most recent call last):
  File "/usr/local/lib/python3.10/dist-packages/websockets/http11.py", line 138, in parse
    request_line = yield from parse_line(read_line)
  File "/usr/local/lib/python3.10/dist-packages/websockets/http11.py", line 309, in parse_line
    line = yield from read_line(MAX_LINE_LENGTH)
  File "/usr/local/lib/python3.10/dist-packages/websockets/streams.py", line 46, in read_line
    raise EOFError(f"stream ends after {p} bytes, before end of line")
EOFError: stream ends after 0 bytes, before end of line

The above exception was the direct cause of the following exception:

Traceback (most recent call last):
  File "/usr/local/lib/python3.10/dist-packages/websockets/server.py", line 545, in parse
    request = yield from Request.parse(
  File "/usr/local/lib/python3.10/dist-packages/websockets/http11.py", line 140, in parse
    raise EOFError("connection closed while reading HTTP request line") from exc
EOFError: connection closed while reading HTTP request line

The above exception was the direct cause of the following exception:

Traceback (most recent call last):
  File "/usr/local/lib/python3.10/dist-packages/websockets/asyncio/server.py", line 356, in conn_handler
    await connection.handshake(
  File "/usr/local/lib/python3.10/dist-packages/websockets/asyncio/server.py", line 207, in handshake
    raise self.protocol.handshake_exc
websockets.exceptions.InvalidMessage: did not receive a valid HTTP request
INFO:websockets.server:connection rejected (426 Upgrade Required)
ERROR:websockets.server:opening handshake failed
Traceback (most recent call last):
  File "/usr/local/lib/python3.10/dist-packages/websockets/asyncio/server.py", line 356, in conn_handler
    await connection.handshake(
  File "/usr/local/lib/python3.10/dist-packages/websockets/asyncio/server.py", line 207, in handshake
    raise self.protocol.handshake_exc
  File "/usr/local/lib/python3.10/dist-packages/websockets/server.py", line 138, in accept
    ) = self.process_request(request)
  File "/usr/local/lib/python3.10/dist-packages/websockets/server.py", line 233, in process_request
    raise InvalidUpgrade(
websockets.exceptions.InvalidUpgrade: invalid Connection header: keep-alive
ERROR:websockets.server:opening handshake failed
Traceback (most recent call last):
  File "/usr/local/lib/python3.10/dist-packages/websockets/http11.py", line 138, in parse
    request_line = yield from parse_line(read_line)
  File "/usr/local/lib/python3.10/dist-packages/websockets/http11.py", line 309, in parse_line
    line = yield from read_line(MAX_LINE_LENGTH)
  File "/usr/local/lib/python3.10/dist-packages/websockets/streams.py", line 46, in read_line
    raise EOFError(f"stream ends after {p} bytes, before end of line")
EOFError: stream ends after 0 bytes, before end of line

The above exception was the direct cause of the following exception:

Traceback (most recent call last):
  File "/usr/local/lib/python3.10/dist-packages/websockets/server.py", line 545, in parse
    request = yield from Request.parse(
  File "/usr/local/lib/python3.10/dist-packages/websockets/http11.py", line 140, in parse
    raise EOFError("connection closed while reading HTTP request line") from exc
EOFError: connection closed while reading HTTP request line

The above exception was the direct cause of the following exception:

Traceback (most recent call last):
  File "/usr/local/lib/python3.10/dist-packages/websockets/asyncio/server.py", line 356, in conn_handler
    await connection.handshake(
  File "/usr/local/lib/python3.10/dist-packages/websockets/asyncio/server.py", line 207, in handshake
    raise self.protocol.handshake_exc
websockets.exceptions.InvalidMessage: did not receive a valid HTTP request
INFO:websockets.server:connection rejected (426 Upgrade Required)
ERROR:websockets.server:opening handshake failed
Traceback (most recent call last):
  File "/usr/local/lib/python3.10/dist-packages/websockets/asyncio/server.py", line 356, in conn_handler
    await connection.handshake(
  File "/usr/local/lib/python3.10/dist-packages/websockets/asyncio/server.py", line 207, in handshake
    raise self.protocol.handshake_exc
  File "/usr/local/lib/python3.10/dist-packages/websockets/server.py", line 138, in accept
    ) = self.process_request(request)
  File "/usr/local/lib/python3.10/dist-packages/websockets/server.py", line 233, in process_request
    raise InvalidUpgrade(
websockets.exceptions.InvalidUpgrade: invalid Connection header: keep-alive
INFO:websockets.server:connection open
ERROR:websockets.server:connection handler failed
Traceback (most recent call last):
  File "/usr/local/lib/python3.10/dist-packages/websockets/asyncio/server.py", line 376, in conn_handler
    await self.handler(connection)
TypeError: handler() missing 1 required positional argument: 'path'
ERROR:websockets.server:opening handshake failed
Traceback (most recent call last):
  File "/usr/local/lib/python3.10/dist-packages/websockets/http11.py", line 138, in parse
    request_line = yield from parse_line(read_line)
  File "/usr/local/lib/python3.10/dist-packages/websockets/http11.py", line 309, in parse_line
    line = yield from read_line(MAX_LINE_LENGTH)
  File "/usr/local/lib/python3.10/dist-packages/websockets/streams.py", line 46, in read_line
    raise EOFError(f"stream ends after {p} bytes, before end of line")
EOFError: stream ends after 0 bytes, before end of line

The above exception was the direct cause of the following exception:

Traceback (most recent call last):
  File "/usr/local/lib/python3.10/dist-packages/websockets/server.py", line 545, in parse
    request = yield from Request.parse(
  File "/usr/local/lib/python3.10/dist-packages/websockets/http11.py", line 140, in parse
    raise EOFError("connection closed while reading HTTP request line") from exc
EOFError: connection closed while reading HTTP request line

The above exception was the direct cause of the following exception:

Traceback (most recent call last):
  File "/usr/local/lib/python3.10/dist-packages/websockets/asyncio/server.py", line 356, in conn_handler
    await connection.handshake(
  File "/usr/local/lib/python3.10/dist-packages/websockets/asyncio/server.py", line 207, in handshake
    raise self.protocol.handshake_exc
websockets.exceptions.InvalidMessage: did not receive a valid HTTP request
INFO:websockets.server:connection rejected (426 Upgrade Required)
ERROR:websockets.server:opening handshake failed
Traceback (most recent call last):
  File "/usr/local/lib/python3.10/dist-packages/websockets/asyncio/server.py", line 356, in conn_handler
    await connection.handshake(
  File "/usr/local/lib/python3.10/dist-packages/websockets/asyncio/server.py", line 207, in handshake
    raise self.protocol.handshake_exc
  File "/usr/local/lib/python3.10/dist-packages/websockets/server.py", line 138, in accept
    ) = self.process_request(request)
  File "/usr/local/lib/python3.10/dist-packages/websockets/server.py", line 233, in process_request
    raise InvalidUpgrade(
websockets.exceptions.InvalidUpgrade: invalid Connection header: keep-alive
